ArtistName : Plum
SongName   : Orca
SongPath   : Liss/Orca/Orca
Bpm    : 120
Offset : 0

[ NOTE ]
1, 2250, 0, 0
2, 2500, 0, 0
1, 2750, 0, 0
4, 3000, 0, 0
3, 3250, 0, 0
4, 3500, 0, 0
0, 3750, 2, 1
5, 3750, 2, 1
0, 4000, 1, 2
5, 4000, 1, 2
2, 4250, 0, 0
1, 4500, 0, 0
2, 4750, 0, 0
3, 5000, 0, 0
4, 5250, 0, 0
3, 5500, 0, 0
5, 5750, 2, 1
0, 5750, 2, 1
5, 6000, 1, 2
0, 6000, 1, 2
1, 6250, 1, 0
4, 6250, 0, 1
2, 6500, 1, 0
1, 6750, 1, 0
2, 7000, 1, 0
1, 7250, 1, 0
4, 7500, 0, 2
2, 7500, 1, 0
5, 7750, 2, 1
0, 7750, 2, 1
5, 8000, 1, 2
0, 8000, 1, 2
4, 8500, 0, 0
1, 8500, 0, 0
3, 8750, 0, 0
2, 8750, 0, 0
4, 9000, 0, 0
1, 9000, 0, 0
3, 9250, 0, 0
2, 9250, 0, 0
4, 9500, 0, 0
1, 9500, 0, 0
0, 9750, 2, 1
5, 9750, 2, 1
0, 10250, 1, 2
5, 10250, 1, 2
4, 10500, 0, 0
0, 10500, 2, 1
3, 10750, 0, 0
0, 10750, 1, 2
4, 11000, 0, 0
0, 11000, 2, 1
0, 11250, 1, 2
4, 11250, 0, 0
3, 11500, 0, 0
4, 11750, 0, 0
3, 12000, 1, 0
4, 12000, 1, 0
1, 12250, 0, 0
5, 12250, 2, 1
2, 12500, 0, 0
5, 12500, 1, 2
1, 12750, 0, 0
5, 12750, 2, 1
1, 13000, 0, 0
5, 13000, 1, 2
2, 13250, 0, 0
1, 13500, 0, 0
1, 13750, 1, 0
2, 13750, 1, 0
4, 14000, 0, 0
1, 14250, 0, 0
4, 14500, 0, 0
4, 14750, 0, 0
1, 15000, 0, 0
4, 15250, 0, 0
2, 15500, 0, 0
3, 15500, 0, 0
4, 15750, 0, 0
1, 16000, 0, 0
4, 16250, 0, 0
4, 16500, 0, 0
1, 16750, 0, 0
4, 17000, 0, 0
2, 17250, 0, 0
3, 17250, 0, 0
2, 17500, 0, 0
3, 17500, 0, 0
1, 18000, 0, 1
4, 18000, 0, 1
3, 18000, 1, 0
2, 18500, 1, 0
3, 19000, 1, 0
2, 19500, 1, 0
4, 19500, 0, 2
1, 19500, 0, 2
0, 20000, 2, 0
5, 20000, 2, 0
0, 20500, 2, 0
5, 20500, 2, 0
0, 21000, 2, 0
5, 21000, 2, 0
2, 21500, 1, 0
3, 21500, 1, 0
2, 21750, 0, 0
3, 21750, 0, 0
1, 22000, 0, 0
4, 22000, 0, 0
1, 22500, 0, 0
4, 22500, 0, 0
1, 23000, 0, 0
4, 23000, 0, 0
1, 23500, 0, 0
4, 23500, 0, 0
2, 23750, 0, 0
3, 24000, 0, 0
4, 24250, 0, 0
2, 24500, 1, 0
3, 24500, 1, 0
1, 24500, 0, 1
4, 24500, 0, 1
2, 24750, 1, 0
3, 24750, 1, 0
2, 25000, 1, 0
3, 25000, 1, 0
2, 25250, 1, 0
1, 25250, 0, 2
3, 25250, 1, 0
4, 25250, 0, 2
1, 26000, 0, 0
3, 26000, 0, 0
4, 26000, 0, 0
1, 26500, 0, 1
4, 26500, 0, 1
3, 26500, 1, 0
3, 26750, 1, 0
2, 27000, 1, 0
2, 27250, 1, 0
3, 27500, 1, 0
3, 27750, 1, 0
4, 28000, 0, 2
1, 28000, 0, 2
2, 28000, 1, 0
5, 28500, 2, 0
0, 28500, 2, 0
5, 29000, 2, 0
0, 29000, 2, 0
5, 29500, 2, 0
0, 29500, 2, 0
5, 30000, 2, 0
0, 30000, 2, 0
0, 30250, 2, 0
5, 30250, 2, 0
3, 30500, 1, 0
2, 30500, 1, 0
4, 31000, 1, 0
1, 31000, 1, 0
4, 31500, 1, 0
1, 31500, 1, 0
2, 31750, 1, 0
3, 31750, 1, 0
4, 32000, 1, 0
1, 32000, 1, 0
4, 32500, 1, 0
1, 32500, 1, 0
2, 32750, 1, 0
3, 33000, 1, 0
4, 33250, 1, 0
2, 33500, 1, 0
1, 33500, 1, 0
4, 33750, 1, 0
3, 33750, 1, 0
2, 34000, 1, 0
1, 34000, 1, 0
4, 34500, 0, 1
1, 34500, 1, 0
2, 34750, 1, 0
1, 35000, 1, 0
2, 35250, 1, 0
1, 35500, 1, 0
4, 36000, 0, 2
1, 36250, 0, 1
4, 36250, 1, 0
3, 36500, 1, 0
4, 36750, 1, 0
3, 37000, 1, 0
1, 37250, 0, 2
4, 37250, 1, 0
2, 37500, 0, 1
3, 37500, 0, 1
2, 38000, 0, 2
3, 38000, 0, 2
2, 38250, 0, 0
3, 38250, 0, 0
1, 38500, 0, 1
4, 38500, 0, 1
1, 40000, 0, 2
4, 40000, 0, 2
1, 40250, 0, 0
4, 40250, 0, 0
1, 40750, 0, 1
4, 40750, 0, 1
1, 41500, 0, 2
4, 41500, 0, 2
1, 41750, 0, 0
4, 41750, 0, 0
2, 42250, 1, 0
3, 42250, 1, 0
1, 42500, 0, 1
4, 42500, 0, 1
2, 43000, 1, 0
3, 43000, 1, 0
2, 43500, 1, 0
3, 43500, 1, 0
2, 44000, 1, 0
3, 44000, 1, 0
1, 44000, 0, 2
4, 44000, 0, 2
0, 44500, 2, 1
0, 45000, 1, 2
4, 45250, 0, 0
1, 45500, 0, 0
4, 46000, 0, 1
3, 46000, 1, 0
2, 46000, 0, 1
3, 46500, 1, 0
3, 47000, 1, 0
3, 47500, 1, 0
3, 48000, 1, 0
2, 48000, 0, 2
4, 48000, 0, 2
3, 48500, 0, 1
1, 48500, 0, 1
2, 48750, 1, 0
1, 49000, 0, 2
3, 49000, 0, 2
2, 49500, 0, 1
4, 49500, 0, 1
3, 49750, 1, 0
4, 50000, 0, 2
2, 50000, 0, 2
1, 51000, 0, 0
2, 51250, 0, 0
1, 51500, 0, 0
4, 51750, 0, 0
4, 52000, 0, 0
3, 52250, 0, 0
4, 52500, 0, 0
1, 52750, 0, 0
5, 53000, 2, 1
5, 53250, 1, 2
1, 53500, 1, 0
2, 53750, 1, 0
3, 54000, 1, 0
3, 54250, 1, 0
2, 54250, 1, 0
3, 54500, 1, 0
4, 54750, 1, 0
0, 55000, 2, 1
5, 55000, 2, 1
0, 55250, 1, 2
5, 55250, 1, 2
1, 55500, 0, 0
4, 55750, 0, 0
1, 56000, 0, 0
4, 56250, 0, 0
1, 56500, 1, 0
4, 56750, 1, 0
1, 57000, 1, 0
4, 57250, 1, 0
0, 58000, 2, 0
5, 58000, 2, 0
1, 58500, 0, 0
2, 58500, 0, 0
3, 58500, 0, 0
4, 58500, 0, 0
1, 59250, 0, 0
2, 59250, 0, 0
3, 59250, 0, 0
4, 59250, 0, 0
1, 60250, 0, 0
2, 60250, 0, 0
3, 60250, 0, 0
4, 60250, 0, 0
1, 61000, 0, 0
2, 61000, 0, 0
3, 61000, 0, 0
4, 61000, 0, 0
1, 62250, 0, 0
2, 62250, 0, 0
3, 62250, 0, 0
4, 62250, 0, 0
1, 63000, 0, 0
2, 63000, 0, 0
3, 63000, 0, 0
4, 63000, 0, 0
1, 64250, 0, 0
2, 64250, 0, 0
3, 64250, 0, 0
4, 64250, 0, 0
1, 65000, 0, 0
2, 65000, 0, 0
3, 65000, 0, 0
4, 65000, 0, 0
3, 65750, 0, 0
4, 65750, 1, 0
0, 65750, 2, 1
3, 66000, 1, 0
4, 66000, 0, 0
4, 66250, 1, 0
3, 66250, 0, 0
4, 66500, 0, 0
0, 66500, 1, 2
3, 66500, 1, 0
2, 67250, 0, 0
1, 67250, 1, 0
5, 67250, 2, 1
2, 67500, 1, 0
1, 67500, 0, 0
1, 67750, 1, 0
2, 67750, 0, 0
5, 68000, 1, 2
1, 68000, 0, 0
2, 68000, 1, 0
0, 68750, 2, 0
5, 68750, 2, 0
5, 69500, 2, 0
0, 69500, 2, 0
2, 69750, 0, 0
3, 69750, 0, 0
1, 70000, 0, 0
4, 70000, 0, 0
2, 70250, 0, 0
3, 70250, 0, 0
1, 70500, 0, 0
4, 70500, 0, 0
2, 70750, 0, 0
3, 70750, 0, 0
1, 71000, 0, 0
4, 71000, 0, 0
2, 71250, 0, 0
3, 71250, 0, 0
2, 71500, 0, 0
3, 71500, 0, 0
2, 71750, 0, 0
3, 71750, 0, 0
1, 72250, 0, 0
2, 72500, 0, 0
3, 72750, 0, 0
4, 73000, 0, 0
4, 73750, 0, 0
3, 74000, 0, 0
2, 74250, 0, 0
1, 74750, 0, 0
3, 75250, 0, 0
3, 75500, 0, 0
4, 76250, 0, 0
1, 76750, 0, 0
1, 77000, 0, 0
1, 77500, 0, 0
2, 77750, 0, 0
3, 78000, 0, 0
4, 78250, 0, 0
1, 78500, 0, 0
2, 78750, 0, 0
1, 79000, 0, 0
2, 79250, 0, 0
3, 79250, 0, 0
4, 79500, 0, 0
3, 79750, 0, 0
4, 80000, 0, 0
2, 80250, 0, 0
3, 80250, 0, 0
2, 80500, 0, 0
3, 80500, 0, 0
2, 80750, 0, 0
3, 80750, 0, 0
2, 81000, 0, 0
3, 81000, 0, 0
1, 81500, 1, 0
4, 81500, 1, 0
5, 82000, 2, 1
0, 82000, 2, 1
1, 82250, 0, 0
4, 82250, 0, 0
2, 82750, 0, 0
3, 82750, 0, 0
1, 83250, 0, 0
4, 83250, 0, 0
2, 83750, 0, 0
3, 83750, 0, 0
5, 84250, 1, 2
1, 84250, 0, 0
0, 84250, 1, 2
4, 84250, 0, 0
1, 84500, 0, 1
3, 84750, 0, 0
4, 85250, 0, 0
2, 85750, 0, 0
1, 86000, 0, 2
4, 86250, 0, 0
3, 86500, 0, 0
4, 86750, 0, 0
1, 87000, 0, 0
2, 87250, 0, 0
1, 87500, 0, 0
4, 87750, 0, 0
3, 88000, 0, 0
4, 88250, 0, 0
1, 88500, 0, 0
2, 88750, 0, 0
1, 89000, 0, 0
1, 89250, 1, 0
2, 89500, 1, 0
3, 89750, 1, 0
4, 90000, 1, 0
3, 90250, 1, 0
2, 90500, 1, 0
1, 90750, 1, 0
2, 91000, 1, 0
3, 91250, 1, 0
4, 91500, 1, 0
3, 91750, 1, 0
2, 92000, 1, 0
1, 92250, 1, 0
2, 92500, 1, 0
3, 92750, 1, 0
4, 93000, 1, 0
3, 93250, 1, 0
2, 93500, 1, 0
1, 93750, 1, 0
2, 94000, 1, 0
3, 94250, 1, 0
4, 94500, 1, 0
3, 94750, 1, 0
2, 95000, 1, 0
1, 95250, 1, 0
2, 95500, 1, 0
3, 95750, 1, 0
4, 96000, 1, 0
3, 96250, 1, 0
2, 96500, 1, 0
1, 96750, 1, 0
2, 97000, 1, 0
3, 97250, 1, 0
4, 97500, 1, 0
3, 97750, 1, 0
2, 98000, 1, 0
1, 98250, 1, 0
1, 98500, 0, 1
2, 98500, 0, 1
3, 98500, 0, 1
4, 98500, 0, 1
3, 99000, 0, 2
2, 99000, 0, 2
1, 100000, 0, 2
4, 100000, 0, 2
2, 100250, 0, 0
3, 100250, 0, 0
1, 100500, 1, 0
4, 100500, 1, 0
2, 100500, 0, 1
3, 100500, 0, 1
1, 101000, 1, 0
4, 101000, 1, 0
1, 101500, 1, 0
4, 101500, 1, 0
2, 102000, 0, 2
1, 102000, 1, 0
3, 102000, 0, 2
4, 102000, 1, 0
0, 102500, 2, 1
5, 102500, 2, 1
0, 104500, 1, 2
5, 104500, 1, 2
1, 104750, 1, 1
2, 104750, 1, 1
3, 104750, 1, 1
4, 104750, 1, 1
1, 106250, 1, 2
3, 106250, 1, 2
2, 106250, 1, 2
4, 106250, 1, 2
1, 106500, 0, 0
2, 106750, 0, 0
1, 107000, 0, 0
4, 107250, 0, 0
3, 107500, 0, 0
4, 107750, 0, 0
2, 108000, 0, 0
3, 108000, 0, 0
1, 108250, 0, 0
2, 108500, 0, 0
1, 108750, 0, 0
4, 109000, 0, 0
3, 109250, 0, 0
4, 109500, 0, 0
2, 109750, 0, 0
3, 109750, 0, 0
1, 110250, 0, 0
2, 110500, 0, 0
4, 110750, 0, 0
3, 111000, 0, 0
1, 111250, 0, 0
2, 111500, 0, 0
4, 111750, 0, 0
3, 112000, 0, 0
2, 112250, 1, 0
3, 112250, 1, 0
1, 112500, 1, 0
2, 112750, 1, 0
4, 113000, 1, 0
3, 113250, 1, 0
1, 113500, 1, 0
2, 113750, 1, 0
4, 114000, 1, 0
3, 114250, 1, 0
1, 114500, 1, 0
4, 114500, 1, 0
2, 114625, 0, 0
3, 114625, 0, 0
1, 114750, 1, 0
4, 114750, 1, 0
2, 114875, 0, 0
3, 114875, 0, 0
4, 115000, 1, 0
1, 115000, 1, 0
2, 115125, 0, 0
3, 115125, 0, 0
4, 115250, 1, 0
1, 115250, 1, 0
2, 115375, 0, 0
3, 115375, 0, 0
4, 115500, 1, 0
1, 115500, 1, 0
2, 115625, 0, 0
3, 115625, 0, 0
4, 115750, 1, 0
1, 115750, 1, 0
2, 115875, 0, 0
3, 115875, 0, 0
4, 116000, 1, 0
1, 116000, 1, 0
2, 116125, 0, 0
3, 116125, 0, 0
4, 116250, 1, 0
1, 116250, 1, 0
2, 116375, 0, 0
3, 116375, 0, 0
4, 116500, 1, 0
1, 116500, 1, 0
1, 116750, 1, 0
4, 116750, 0, 0
2, 117000, 1, 0
3, 117000, 0, 0
3, 117250, 1, 0
2, 117250, 0, 0
4, 117500, 1, 0
1, 117500, 0, 0
1, 117750, 1, 0
4, 117750, 0, 0
2, 118000, 1, 0
3, 118000, 0, 0
3, 118250, 1, 0
2, 118250, 0, 0
1, 118500, 0, 0
4, 118500, 1, 0
1, 118750, 1, 0
1, 118875, 0, 0
2, 119000, 1, 0
2, 119125, 0, 0
3, 119250, 1, 0
3, 119375, 0, 0
4, 119500, 1, 0
4, 119625, 0, 0
1, 119750, 1, 0
1, 119875, 0, 0
2, 120000, 1, 0
2, 120125, 0, 0
3, 120250, 1, 0
3, 120375, 0, 0
4, 120500, 1, 0
4, 120625, 0, 0
3, 120750, 1, 0
3, 120875, 0, 0
2, 121000, 1, 0
2, 121125, 0, 0
3, 121250, 1, 0
3, 121375, 0, 0
2, 121500, 1, 0
2, 121625, 0, 0
3, 121750, 1, 0
3, 121875, 0, 0
2, 122000, 1, 0
2, 122125, 0, 0
0, 122250, 2, 1
5, 122250, 2, 1
0, 122500, 1, 2
5, 122500, 1, 2
0, 122750, 2, 1
5, 122750, 2, 1
0, 123000, 1, 2
5, 123000, 1, 2
2, 123250, 0, 0
3, 123250, 0, 0
2, 123375, 0, 0
3, 123375, 0, 0
1, 123500, 0, 0
4, 123500, 0, 0
1, 123625, 0, 0
4, 123625, 0, 0
1, 123750, 0, 0
4, 123750, 0, 0
1, 123875, 0, 0
4, 123875, 0, 0
1, 124000, 0, 0
4, 124000, 0, 0
1, 124125, 0, 0
4, 124125, 0, 0
1, 124250, 0, 0
4, 124250, 0, 0
0, 124375, 2, 0
5, 124375, 2, 0
0, 124500, 2, 0
5, 124500, 2, 0
0, 124625, 2, 0
5, 124625, 2, 0
0, 124750, 2, 0
5, 124750, 2, 0
0, 124875, 2, 0
5, 124875, 2, 0
0, 125000, 2, 0
5, 125000, 2, 0
5, 125125, 2, 0
0, 125125, 2, 0
0, 125250, 2, 0
5, 125250, 2, 0
1, 125375, 0, 0
4, 125375, 0, 0
2, 125500, 0, 0
3, 125500, 0, 0
1, 125625, 0, 0
4, 125625, 0, 0
1, 125875, 0, 0
2, 126000, 0, 0
3, 126125, 0, 0
0, 126250, 2, 1
5, 126250, 2, 1
0, 126500, 1, 2
5, 126500, 1, 2
1, 126750, 0, 0
2, 126875, 0, 0
1, 127000, 0, 0
2, 127125, 0, 0
4, 127250, 0, 0
3, 127375, 0, 0
4, 127500, 0, 0
3, 127625, 0, 0
1, 128000, 0, 0
4, 128000, 0, 0
1, 128125, 0, 0
4, 128125, 0, 0
1, 128250, 0, 0
4, 128250, 0, 0
1, 128375, 0, 0
4, 128375, 0, 0
2, 128500, 0, 1
3, 128500, 0, 1
1, 128625, 0, 0
4, 128625, 0, 0
1, 128875, 0, 0
4, 128875, 0, 0
1, 129125, 0, 0
4, 129125, 0, 0
4, 129375, 0, 0
1, 129375, 0, 0
1, 129625, 0, 0
4, 129625, 0, 0
4, 129875, 0, 0
1, 129875, 0, 0
2, 130000, 0, 2
3, 130000, 0, 2
1, 130125, 0, 0
4, 130125, 0, 0
1, 130250, 0, 0
4, 130250, 0, 0
4, 130500, 0, 0
1, 130500, 0, 0
1, 130625, 0, 0
4, 130625, 0, 0
0, 130875, 2, 0
4, 130875, 0, 0
0, 131000, 2, 0
4, 131000, 0, 0
0, 131500, 2, 0
4, 131500, 0, 0
0, 131625, 2, 0
4, 131625, 0, 0
0, 131750, 2, 0
4, 131750, 0, 0
0, 131875, 2, 0
4, 131875, 0, 0
2, 132000, 1, 0
3, 132000, 1, 0
2, 132125, 1, 0
3, 132125, 1, 0
2, 132250, 1, 0
3, 132250, 1, 0
2, 132375, 1, 0
3, 132375, 1, 0
1, 132500, 1, 0
1, 132625, 1, 0
1, 132750, 1, 0
5, 132875, 2, 0
4, 133000, 1, 0
4, 133125, 1, 0
4, 133250, 1, 0
0, 133375, 2, 0
1, 133500, 0, 0
1, 133625, 0, 0
1, 133750, 0, 0
1, 133875, 0, 0
4, 134000, 0, 0
4, 134125, 0, 0
4, 134250, 0, 0
4, 134375, 0, 0
1, 134500, 0, 0
4, 134500, 0, 0
4, 134625, 0, 0
1, 134625, 0, 0
1, 134750, 0, 0
4, 134750, 0, 0
4, 135000, 0, 0
1, 135000, 0, 0
1, 135125, 0, 0
4, 135125, 0, 0
4, 135250, 0, 0
1, 135250, 0, 0
2, 135375, 0, 1
3, 135375, 0, 1
1, 135500, 1, 0
1, 135625, 1, 0
1, 135750, 1, 0
1, 135875, 1, 0
4, 136000, 1, 0
4, 136125, 1, 0
4, 136250, 1, 0
4, 136375, 1, 0
1, 136500, 1, 0
1, 136625, 1, 0
1, 136750, 1, 0
1, 136875, 1, 0
4, 137000, 1, 0
4, 137125, 1, 0
4, 137250, 1, 0
4, 137375, 1, 0
1, 137500, 1, 0
1, 137625, 1, 0
1, 137750, 1, 0
3, 138000, 0, 2
2, 138000, 0, 2
2, 138500, 1, 0
3, 138625, 1, 0
2, 138750, 1, 0
1, 139000, 1, 0
4, 139000, 1, 0
1, 139125, 1, 0
4, 139125, 1, 0
2, 139250, 0, 0
3, 139250, 0, 0
1, 139375, 1, 0
4, 139375, 1, 0
3, 139500, 0, 0
2, 139500, 0, 0
3, 139625, 0, 0
2, 139750, 0, 0
3, 139875, 0, 0
2, 140000, 0, 0
3, 140125, 0, 0
2, 140250, 0, 0
3, 140375, 0, 0
1, 140500, 0, 1
4, 140500, 0, 1
2, 140500, 0, 0
3, 140625, 0, 0
2, 140750, 0, 0
3, 140875, 0, 0
2, 141000, 0, 0
3, 141125, 0, 0
2, 141250, 0, 0
3, 141375, 0, 0
2, 141500, 0, 0
3, 141625, 0, 0
2, 141750, 0, 0
3, 141875, 0, 0
1, 142000, 0, 2
2, 142000, 0, 0
4, 142000, 0, 2
2, 142125, 0, 0
4, 142375, 0, 0
1, 142375, 0, 0
3, 142500, 0, 0
2, 142500, 0, 0
1, 142750, 0, 0
4, 142750, 0, 0
4, 142875, 0, 0
1, 142875, 0, 0
4, 143125, 0, 0
1, 143125, 0, 0
3, 143250, 0, 0
2, 143250, 0, 0
3, 143375, 0, 0
2, 143375, 0, 0
2, 143500, 0, 0
3, 143625, 0, 0
3, 143750, 0, 0
2, 143875, 0, 0
2, 144000, 0, 0
1, 144125, 0, 1
4, 144125, 0, 1
2, 144125, 0, 0
3, 144125, 0, 0
2, 144250, 0, 0
3, 144250, 0, 0
2, 144375, 0, 0
3, 144375, 0, 0
2, 144625, 0, 0
3, 144625, 0, 0
2, 144750, 0, 0
3, 144750, 0, 0
2, 144875, 0, 0
3, 144875, 0, 0
2, 145125, 0, 0
3, 145125, 0, 0
3, 145250, 0, 0
2, 145250, 0, 0
2, 145375, 0, 0
3, 145375, 0, 0
2, 145625, 0, 0
3, 145625, 0, 0
2, 145750, 0, 0
3, 145750, 0, 0
2, 145875, 0, 0
3, 145875, 0, 0
2, 146125, 0, 0
3, 146125, 0, 0
2, 146250, 0, 0
3, 146250, 0, 0
2, 146375, 0, 0
3, 146375, 0, 0
3, 146625, 1, 0
2, 146750, 1, 0
3, 146875, 1, 0
2, 147000, 1, 0
2, 147250, 1, 0
3, 147250, 1, 0
2, 147375, 1, 0
3, 147375, 1, 0
3, 147625, 1, 0
2, 147750, 1, 0
3, 147875, 1, 0
2, 148000, 1, 0
2, 148250, 1, 0
3, 148250, 1, 0
2, 148375, 1, 0
3, 148375, 1, 0
2, 148500, 1, 0
3, 148500, 1, 0
3, 148750, 1, 0
2, 149000, 1, 0
3, 149250, 1, 0
2, 149500, 1, 0
2, 149875, 1, 0
3, 149875, 1, 0
2, 150125, 1, 0
3, 150125, 1, 0
2, 150375, 1, 0
3, 150375, 1, 0
2, 150625, 1, 0
3, 150625, 1, 0
2, 150875, 1, 0
3, 150875, 1, 0
3, 151250, 0, 0
2, 151375, 0, 0
3, 151500, 0, 0
2, 151625, 0, 0
3, 151750, 0, 0
2, 151875, 0, 0
3, 152000, 0, 0
2, 152125, 0, 0
3, 152250, 0, 0
2, 152375, 0, 0
3, 152500, 0, 0
2, 152625, 0, 0
3, 152750, 0, 0
2, 152875, 0, 0
3, 153000, 0, 0
2, 153125, 0, 0
3, 153250, 0, 0
2, 153375, 0, 0
3, 153500, 0, 0
2, 153625, 0, 0
3, 153750, 0, 0
2, 153875, 0, 0
3, 154000, 0, 0
2, 154125, 0, 0
3, 154250, 0, 0
2, 154375, 0, 0
3, 154500, 0, 0
2, 154625, 0, 0
3, 154750, 0, 0
2, 154875, 0, 0
3, 155000, 0, 0
2, 155125, 0, 0
3, 155250, 0, 0
2, 155375, 0, 0
3, 155500, 0, 0
2, 155625, 0, 0
3, 155750, 0, 0
2, 155875, 0, 0
3, 156000, 0, 0
2, 156125, 0, 0
3, 156250, 0, 0
2, 156375, 0, 0
3, 156500, 0, 0
2, 156625, 0, 0
3, 156750, 0, 0
2, 156875, 0, 0
3, 157000, 0, 0
2, 157125, 0, 0
3, 157250, 0, 0
2, 157375, 0, 0
3, 157500, 0, 0
2, 157625, 0, 0
3, 157750, 0, 0
2, 157875, 0, 0
3, 158000, 0, 0
2, 158125, 0, 0
3, 158250, 0, 0
2, 158375, 0, 0
1, 158500, 0, 2
4, 158500, 0, 2
1, 158625, 1, 0
2, 158875, 1, 0
1, 159125, 1, 0
4, 159250, 1, 0
3, 159500, 1, 0
4, 159750, 1, 0
2, 160000, 1, 0
3, 160000, 1, 0
2, 160125, 1, 0
3, 160125, 1, 0
2, 160250, 1, 0
3, 160250, 1, 0
2, 160375, 1, 0
3, 160375, 1, 0
2, 160625, 1, 1
3, 160625, 1, 1
2, 161000, 1, 2
3, 161000, 1, 2
1, 161125, 1, 1
4, 161125, 1, 1
1, 161500, 1, 2
4, 161500, 1, 2
2, 161625, 1, 1
3, 161625, 1, 1
2, 162000, 1, 2
3, 162000, 1, 2
1, 162125, 1, 1
4, 162125, 1, 1
1, 162500, 1, 2
4, 162500, 1, 2
2, 162625, 1, 0
3, 162625, 1, 0
3, 162875, 1, 0
2, 162875, 1, 0
2, 163125, 1, 0
3, 163125, 1, 0
3, 163375, 1, 0
2, 163375, 1, 0
2, 163625, 1, 0
3, 163625, 1, 0
2, 163750, 1, 0
3, 163750, 1, 0
2, 164125, 1, 0
3, 164125, 1, 0
2, 164250, 1, 0
3, 164250, 1, 0
1, 164500, 1, 1
4, 164500, 1, 1
1, 165000, 1, 2
4, 165000, 1, 2
1, 165500, 1, 0
4, 165500, 1, 0
2, 165625, 1, 0
3, 165625, 1, 0
1, 166625, 0, 0
2, 166750, 0, 0
3, 166875, 0, 0
4, 167000, 1, 0
4, 167250, 1, 0
4, 167375, 1, 0
4, 167500, 1, 0
1, 168500, 1, 0
1, 168750, 1, 0
1, 169000, 1, 0
0, 169250, 2, 0
5, 169250, 2, 0
0, 169500, 2, 0
5, 169500, 2, 0
1, 170000, 1, 0
4, 170000, 1, 0
3, 170125, 1, 0
2, 170125, 1, 0
1, 170250, 1, 0
4, 170250, 1, 0
4, 170375, 1, 0
1, 170375, 1, 0
1, 170500, 0, 0
4, 170500, 0, 0
1, 171000, 1, 0
4, 171000, 1, 0
4, 171500, 1, 0
1, 171500, 1, 0
1, 171625, 1, 0
4, 171625, 1, 0
4, 171750, 0, 0
1, 171750, 0, 0
1, 172500, 0, 1
1, 173000, 0, 2
2, 174125, 0, 0
2, 174375, 0, 0
