ArtistName : Plum
SongName   : kaleidoscope
SongPath   : Liss/kaleidoscope/Kaleidoscope
Bpm    : 180
Offset : 0

[ NOTE ]
2, 2000, 0, 0
3, 2166, 0, 0
4, 2333, 1, 0
1, 2333, 1, 0
4, 2833, 0, 0
4, 3000, 0, 0
1, 3333, 0, 0
2, 3666, 0, 0
3, 3666, 0, 0
1, 4166, 0, 0
4, 4333, 0, 0
0, 5000, 2, 0
4, 5500, 0, 0
1, 5666, 0, 0
2, 6000, 0, 0
5, 6333, 2, 1
0, 6333, 2, 0
5, 6666, 2, 2
0, 7000, 2, 1
5, 7000, 2, 0
0, 7333, 2, 2
3, 7333, 0, 0
4, 7666, 1, 0
1, 7666, 1, 0
2, 8166, 0, 0
3, 8333, 0, 0
1, 8666, 0, 0
4, 9000, 0, 0
3, 9666, 0, 0
2, 10000, 0, 0
3, 10166, 0, 0
1, 10333, 1, 0
2, 10666, 1, 0
3, 11000, 1, 0
4, 11333, 1, 0
0, 11666, 2, 0
5, 11666, 2, 0
2, 12166, 0, 0
3, 12250, 0, 0
4, 12333, 0, 0
1, 12666, 0, 0
4, 13000, 1, 0
2, 13500, 0, 0
2, 13666, 0, 0
1, 14000, 0, 0
4, 14333, 0, 0
3, 14833, 0, 0
3, 15000, 0, 0
4, 15666, 0, 0
2, 16166, 0, 0
1, 16333, 0, 0
3, 16333, 0, 0
4, 16666, 0, 0
4, 17000, 0, 0
4, 17666, 0, 0
3, 18000, 0, 0
0, 18333, 2, 0
4, 18333, 0, 0
0, 18666, 2, 0
3, 18833, 0, 0
0, 19000, 2, 0
4, 19000, 0, 0
0, 19333, 2, 0
4, 19333, 0, 0
1, 19666, 0, 0
5, 19666, 2, 0
5, 20000, 2, 0
5, 20333, 2, 0
2, 20333, 0, 0
5, 20666, 2, 0
2, 20666, 0, 0
1, 20833, 0, 0
4, 21000, 0, 0
1, 21000, 0, 0
4, 21333, 0, 0
1, 21333, 0, 0
2, 21666, 0, 0
3, 21666, 0, 0
2, 22000, 0, 0
3, 22000, 0, 0
1, 22333, 1, 0
4, 22333, 1, 0
2, 22500, 0, 0
3, 22666, 0, 0
1, 22833, 0, 0
4, 23000, 0, 0
2, 23166, 0, 0
3, 23333, 0, 0
1, 23500, 0, 0
4, 23666, 0, 0
2, 23833, 0, 0
3, 24000, 0, 0
1, 24166, 0, 0
4, 24333, 0, 0
2, 24500, 0, 0
3, 24666, 0, 0
1, 24833, 0, 0
4, 25000, 0, 0
2, 25166, 0, 0
3, 25333, 0, 0
1, 25500, 0, 0
4, 25666, 0, 0
2, 25833, 0, 0
3, 26000, 0, 0
1, 26166, 0, 0
4, 26333, 0, 0
2, 26500, 0, 0
3, 26666, 0, 0
1, 26833, 0, 0
5, 27000, 2, 0
0, 27333, 2, 0
1, 27666, 0, 0
3, 27833, 0, 0
2, 28000, 0, 0
4, 28166, 0, 0
1, 28333, 0, 0
3, 28500, 0, 0
2, 28666, 0, 0
4, 28833, 0, 0
1, 29000, 0, 0
3, 29166, 0, 0
2, 29333, 0, 0
4, 29500, 0, 0
1, 29666, 0, 0
3, 29833, 0, 0
2, 30000, 0, 0
4, 30166, 0, 0
1, 30333, 0, 0
3, 30500, 0, 0
2, 30666, 0, 0
4, 30833, 0, 0
1, 31000, 0, 0
3, 31166, 0, 0
2, 31333, 0, 0
4, 31500, 0, 0
1, 31666, 0, 0
3, 31833, 0, 0
2, 32000, 0, 0
4, 32166, 0, 0
0, 32333, 2, 0
5, 32666, 2, 0
4, 33166, 0, 0
3, 33333, 0, 0
2, 33500, 0, 0
3, 33666, 0, 0
2, 33833, 0, 0
1, 34000, 0, 0
2, 34166, 0, 0
0, 34333, 2, 0
4, 34333, 1, 0
3, 34666, 1, 0
4, 35000, 1, 0
0, 35000, 2, 0
3, 35166, 1, 0
4, 35333, 1, 0
3, 35500, 1, 0
5, 35666, 2, 0
1, 35666, 1, 0
2, 36000, 1, 0
5, 36333, 2, 0
1, 36333, 1, 0
2, 36666, 1, 0
1, 36833, 1, 0
0, 37000, 2, 0
3, 37333, 1, 0
4, 37500, 1, 0
5, 37666, 2, 0
1, 38000, 1, 0
2, 38166, 1, 0
0, 38333, 2, 0
2, 38666, 1, 0
5, 39000, 2, 0
3, 39333, 1, 0
4, 39500, 1, 0
5, 39666, 2, 0
0, 39666, 2, 0
2, 40000, 1, 0
3, 40166, 1, 0
0, 40333, 2, 0
5, 40333, 2, 0
2, 40666, 1, 0
3, 40833, 1, 0
1, 41000, 1, 0
2, 41000, 1, 0
3, 41000, 1, 0
4, 41000, 1, 0
1, 41333, 1, 0
2, 41333, 1, 0
3, 41333, 1, 0
4, 41333, 1, 0
1, 41666, 1, 0
2, 41666, 1, 0
3, 41666, 1, 0
4, 41666, 1, 0
1, 42000, 0, 0
2, 42166, 0, 0
4, 42333, 0, 0
0, 42333, 2, 0
0, 42666, 2, 0
4, 42833, 0, 0
0, 43000, 2, 0
3, 43166, 0, 0
4, 43333, 0, 0
0, 43333, 2, 0
3, 43500, 0, 0
1, 43666, 0, 0
4, 43833, 0, 0
1, 44000, 0, 0
4, 44166, 0, 0
2, 44333, 0, 0
3, 44416, 0, 0
2, 44500, 0, 0
3, 44583, 0, 0
2, 44666, 0, 0
5, 45000, 2, 0
1, 45000, 0, 0
2, 45333, 0, 0
5, 45666, 2, 0
1, 45666, 0, 0
2, 45833, 0, 0
1, 46000, 0, 0
2, 46166, 0, 0
0, 46333, 2, 0
4, 46333, 0, 0
3, 46666, 0, 0
0, 47000, 2, 0
4, 47000, 0, 0
2, 47333, 0, 0
3, 47500, 0, 0
0, 47666, 2, 0
3, 48000, 0, 0
2, 48166, 0, 0
5, 48333, 2, 0
2, 48666, 0, 0
3, 48833, 0, 0
1, 49000, 0, 0
4, 49000, 0, 0
3, 49333, 0, 0
1, 49666, 0, 0
4, 49666, 0, 0
2, 50000, 0, 0
3, 50166, 0, 0
0, 50333, 2, 0
3, 50666, 0, 0
2, 50833, 0, 0
5, 51000, 2, 0
1, 51333, 0, 0
4, 51500, 0, 0
2, 51666, 1, 0
3, 51666, 1, 0
2, 52000, 1, 0
3, 52000, 1, 0
1, 52000, 1, 0
4, 52000, 1, 0
0, 52333, 2, 0
5, 52333, 2, 0
4, 52666, 0, 0
3, 52833, 0, 0
1, 53000, 0, 1
4, 53000, 0, 0
3, 53166, 0, 0
1, 53333, 0, 2
4, 53333, 0, 0
3, 53500, 0, 0
4, 53666, 0, 1
1, 53666, 0, 0
2, 53833, 0, 0
4, 54000, 0, 2
1, 54000, 0, 0
2, 54166, 0, 0
0, 54333, 2, 0
5, 54333, 2, 0
2, 54666, 1, 0
3, 54666, 1, 0
0, 54833, 2, 0
5, 54833, 2, 0
0, 55000, 2, 0
5, 55000, 2, 0
