ArtistName : TBW
SongName   : Santa Claus's Night
SongPath   : Liss/Santa Claus's Night/Santa Claus's Night
Bpm    : 95
Offset : 0

[ NOTE ]
4, 1263, 0, 1
2, 1578, 0, 0
4, 1894, 0, 2
1, 1894, 0, 0
3, 2210, 0, 0
1, 2526, 0, 1
3, 2842, 0, 0
1, 3157, 0, 2
4, 3157, 0, 0
2, 3473, 0, 0
1, 3789, 0, 1
2, 4105, 0, 0
4, 4105, 0, 0
3, 4421, 0, 0
1, 4421, 0, 2
5, 4736, 2, 1
2, 5052, 0, 0
5, 5052, 1, 2
0, 5368, 2, 1
3, 5684, 0, 0
0, 5684, 1, 2
3, 6000, 0, 0
2, 6000, 0, 0
4, 6315, 0, 1
4, 6631, 0, 2
1, 6631, 0, 1
1, 6947, 0, 2
1, 7263, 0, 0
4, 7263, 0, 0
1, 7578, 0, 1
1, 7894, 0, 2
4, 7894, 0, 1
4, 8210, 0, 2
1, 8526, 0, 0
4, 8526, 0, 0
4, 8842, 0, 1
2, 9157, 0, 0
4, 9473, 0, 2
1, 9473, 0, 0
3, 9789, 0, 0
1, 10105, 0, 1
3, 10421, 0, 0
1, 10736, 0, 2
4, 10736, 0, 0
2, 11052, 0, 0
0, 11368, 2, 1
4, 11684, 0, 1
0, 12000, 1, 2
4, 12315, 0, 2
2, 12315, 0, 0
5, 12631, 2, 1
1, 12947, 0, 1
5, 13263, 1, 2
1, 13578, 0, 2
3, 13578, 0, 0
1, 13894, 0, 0
2, 14210, 0, 0
4, 14210, 0, 0
1, 14526, 0, 0
4, 15157, 0, 0
1, 15473, 0, 0
3, 15473, 0, 0
4, 15789, 0, 0
0, 16421, 2, 1
4, 16736, 0, 0
0, 17052, 1, 2
3, 17052, 0, 0
5, 17684, 2, 1
1, 18000, 0, 0
5, 18315, 1, 2
2, 18315, 0, 0
0, 18947, 2, 1
5, 19263, 2, 0
0, 19578, 1, 2
4, 19578, 0, 0
1, 19894, 0, 0
3, 19894, 0, 0
5, 20210, 2, 1
0, 20526, 2, 0
5, 20842, 1, 2
1, 20842, 0, 0
2, 21157, 0, 0
4, 21157, 0, 0
1, 21789, 0, 0
4, 21789, 0, 1
1, 22105, 0, 0
3, 22263, 0, 0
1, 22421, 0, 0
1, 22578, 0, 0
3, 22894, 0, 0
3, 23052, 0, 0
1, 23210, 0, 0
1, 23368, 0, 0
2, 23526, 0, 0
1, 23684, 0, 0
2, 23842, 0, 0
3, 24000, 0, 0
2, 24315, 0, 0
2, 24473, 0, 0
1, 24631, 0, 1
1, 24947, 0, 2
1, 25263, 0, 0
2, 25421, 0, 0
2, 25578, 0, 0
1, 25736, 0, 0
3, 26052, 0, 0
2, 26210, 0, 0
1, 26368, 0, 0
2, 26526, 0, 0
4, 26842, 0, 2
1, 26842, 0, 1
4, 27157, 0, 0
2, 27473, 0, 0
4, 27631, 0, 0
4, 27789, 0, 0
2, 28105, 0, 0
2, 28263, 0, 0
4, 28421, 0, 0
4, 28578, 0, 0
3, 28736, 0, 0
4, 28894, 0, 0
3, 29052, 0, 0
2, 29210, 0, 0
3, 29526, 0, 0
3, 29684, 0, 0
4, 29842, 0, 1
4, 30157, 0, 2
4, 30473, 0, 0
3, 30631, 0, 0
3, 30789, 0, 0
4, 30947, 0, 0
2, 31105, 0, 0
3, 31263, 0, 0
4, 31421, 0, 0
3, 31578, 0, 0
5, 31894, 2, 1
1, 31894, 0, 2
1, 32210, 0, 0
5, 32526, 1, 2
2, 32526, 0, 0
1, 32842, 0, 0
0, 33157, 2, 1
3, 33157, 0, 0
4, 33157, 0, 0
4, 33473, 0, 0
0, 33789, 1, 2
3, 33789, 0, 0
4, 34105, 0, 0
2, 34421, 0, 0
5, 34421, 2, 1
1, 34421, 0, 0
1, 34736, 0, 0
5, 35052, 1, 2
2, 35052, 0, 0
1, 35368, 0, 0
1, 35684, 0, 1
4, 35684, 0, 1
2, 36000, 0, 0
3, 36000, 0, 0
1, 36315, 0, 2
4, 36315, 0, 2
2, 36631, 0, 0
3, 36631, 0, 0
5, 36947, 2, 1
1, 36947, 0, 0
2, 36947, 0, 0
1, 37263, 0, 0
5, 37578, 1, 2
2, 37578, 0, 0
1, 37894, 0, 0
0, 38210, 2, 1
4, 38210, 0, 0
3, 38210, 0, 0
4, 38526, 0, 0
0, 38842, 1, 2
3, 38842, 0, 0
4, 39157, 0, 0
5, 39473, 2, 1
1, 39473, 0, 0
2, 39473, 0, 0
1, 39789, 0, 0
5, 40105, 1, 2
2, 40105, 0, 0
1, 40421, 0, 0
1, 40736, 0, 1
4, 40736, 0, 1
2, 41052, 0, 0
3, 41052, 0, 0
1, 41368, 0, 2
4, 41368, 0, 2
2, 41684, 0, 0
3, 41684, 0, 0
0, 42000, 2, 1
5, 42000, 2, 1
0, 42631, 1, 2
5, 42631, 1, 2
2, 43263, 0, 1
3, 43263, 0, 1
2, 43578, 0, 2
3, 43578, 0, 2
1, 43894, 0, 1
4, 43894, 0, 1
1, 44210, 0, 2
4, 44210, 0, 2
3, 44526, 0, 1
2, 44526, 0, 1
3, 45157, 0, 2
2, 45157, 0, 2
4, 45473, 0, 0
2, 45473, 0, 0
2, 45789, 0, 0
3, 46105, 0, 0
1, 46105, 0, 0
3, 46421, 0, 0
2, 46736, 0, 0
4, 46736, 0, 0
0, 47052, 2, 1
3, 47052, 0, 0
4, 47368, 0, 0
3, 47684, 0, 0
0, 47684, 1, 2
1, 48000, 0, 0
4, 48000, 0, 0
5, 48315, 2, 1
2, 48315, 0, 0
1, 48631, 0, 0
5, 48947, 1, 2
2, 48947, 0, 0
1, 49263, 0, 0
4, 49263, 0, 0
1, 49578, 0, 1
4, 49578, 0, 1
3, 49894, 0, 0
2, 50210, 0, 0
1, 50526, 0, 2
4, 50526, 0, 2
3, 50526, 0, 0
2, 50842, 0, 1
3, 50842, 0, 1
1, 51157, 0, 0
4, 51473, 0, 0
2, 51789, 0, 2
3, 51789, 0, 2
1, 51789, 0, 0
1, 52105, 0, 0
4, 52105, 0, 0
4, 52421, 0, 0
1, 52736, 0, 0
2, 52894, 0, 0
3, 53052, 0, 0
4, 53210, 0, 0
4, 53368, 0, 0
2, 53368, 0, 0
1, 53526, 0, 0
2, 53684, 0, 0
4, 53842, 0, 0
2, 53842, 0, 0
3, 54000, 0, 0
2, 54157, 0, 0
1, 54315, 0, 0
1, 54631, 0, 1
4, 54631, 0, 0
3, 55263, 0, 0
1, 55263, 0, 2
4, 55421, 0, 0
3, 55578, 0, 0
2, 55736, 0, 0
1, 55894, 0, 0
1, 56210, 0, 0
2, 56368, 0, 0
3, 56526, 0, 0
4, 56684, 0, 0
3, 56842, 0, 0
2, 57000, 0, 0
1, 57157, 0, 0
5, 57473, 2, 1
2, 57473, 0, 0
1, 57789, 0, 0
1, 58105, 0, 0
1, 58421, 0, 0
2, 58421, 0, 0
5, 58736, 1, 2
2, 58736, 0, 0
4, 59052, 0, 0
1, 59052, 0, 0
3, 59368, 0, 0
4, 59684, 0, 0
3, 59684, 0, 0
2, 60000, 0, 0
1, 60315, 0, 0
2, 60315, 0, 0
1, 60631, 0, 0
4, 60631, 0, 0
3, 60947, 0, 0
2, 61263, 0, 0
1, 61578, 0, 0
4, 61894, 0, 0
2, 62210, 0, 0
3, 62210, 0, 0
4, 62210, 0, 0
5, 62210, 2, 0
1, 62210, 0, 0
0, 62210, 2, 0
